<?xml version="1.0" encoding="UTF-8"?>
<!-- Generated by org.testng.reporters.JUnitReportReporter -->
<testsuite hostname="LAPTOP-2G6GDU2T" failures="0" tests="2" name="pagepkg.Shopymixpage" time="11.755" errors="0" timestamp="2024-06-01T18:50:13 IST" skipped="0">
  <testcase classname="pagepkg.Shopymixpage" name="accountregister" time="2.245"/>
  <system-out/>
  <testcase classname="pagepkg.Shopymixpage" name="Languagedropdown" time="9.510"/>
  <system-out/>
</testsuite> <!-- pagepkg.Shopymixpage -->
